<?xml version="1.0" encoding="UTF-8"?>
<!-- Generated by org.testng.reporters.JUnitReportReporter -->
<testsuite skipped="0" hostname="DESKTOP-E74KG31" name="TestCases.DigiDocTest" tests="1" failures="0" timestamp="27 Aug 2019 17:02:03 GMT" time="9.890" errors="0">
  <testcase name="selectDepartment" time="9.890" classname="TestCases.DigiDocTest"/>
</testsuite> <!-- TestCases.DigiDocTest -->
